<?xml version="1.0" encoding="UTF-8"?>
<testsuite name="com.feedme.server.LocalServiceTest" tests="8" skipped="0" failures="0" errors="0" timestamp="2026-09-13T07:41:33.459Z" hostname="ansachars-MacBook-Pro.local" time="0.472">
  <properties/>
  <testcase name="unknownPathsAndMethodsDoNotExposeRequestDetails" classname="com.feedme.server.LocalServiceTest" time="0.27"/>
  <testcase name="configurationAndStaffHealthDenyEvenWithNoCredentials" classname="com.feedme.server.LocalServiceTest" time="0.015"/>
  <testcase name="everyUnimplementedCanonicalRouteReturns503WithoutSuccessfulMutation" classname="com.feedme.server.LocalServiceTest" time="0.141"/>
  <testcase name="tracesAreServerGeneratedUniqueAndNotReflected" classname="com.feedme.server.LocalServiceTest" time="0.01"/>
  <testcase name="invalidGeneratedHealthFallsBackToRedactedProblem" classname="com.feedme.server.LocalServiceTest" time="0.012"/>
  <testcase name="healthIsPublicAndHonestlyDegraded" classname="com.feedme.server.LocalServiceTest" time="0.007"/>
  <testcase name="malformedHandlerInputsUseCanonicalProblem" classname="com.feedme.server.LocalServiceTest" time="0.009"/>
  <testcase name="unexpectedHandlerErrorsAreRedacted" classname="com.feedme.server.LocalServiceTest" time="0.008"/>
  <system-out><![CDATA[]]></system-out>
  <system-err><![CDATA[]]></system-err>
</testsuite>
