<?xml version="1.0" encoding="UTF-8"?>
<testsuite name="com.feedme.server.CommandIdentityTest" tests="6" skipped="0" failures="0" errors="0" timestamp="2026-09-13T07:41:33.331Z" hostname="ansachars-MacBook-Pro.local" time="0.101">
  <properties/>
  <testcase name="targetQueryAndExpectedVersionAreBoundToFingerprint" classname="com.feedme.server.CommandIdentityTest" time="0.032"/>
  <testcase name="responsePreservesNoContentAndJsonNullDistinction" classname="com.feedme.server.CommandIdentityTest" time="0.005"/>
  <testcase name="canonicalHashIgnoresObjectOrderingAndNumericFormattingButNotArrayOrdering" classname="com.feedme.server.CommandIdentityTest" time="0.017"/>
  <testcase name="rejectsUnsupportedIdentityDomainsUnknownOperationsAndMissingPath" classname="com.feedme.server.CommandIdentityTest" time="0.021"/>
  <testcase name="missingBodyJsonNullAndAbsentFieldsAreDistinct" classname="com.feedme.server.CommandIdentityTest" time="0.017"/>
  <testcase name="rejectsUnsafeHeaderAndBoundedPayloadAndRedactsDiagnostics" classname="com.feedme.server.CommandIdentityTest" time="0.009"/>
  <system-out><![CDATA[]]></system-out>
  <system-err><![CDATA[]]></system-err>
</testsuite>
