<?xml version="1.0" encoding="UTF-8"?>
<testsuite name="com.feedme.server.CommandIdentityTest" tests="6" skipped="0" failures="0" errors="0" timestamp="2026-09-13T04:59:33.841Z" hostname="ansachars-MacBook-Pro.local" time="0.184">
  <properties/>
  <testcase name="targetQueryAndExpectedVersionAreBoundToFingerprint" classname="com.feedme.server.CommandIdentityTest" time="0.094"/>
  <testcase name="responsePreservesNoContentAndJsonNullDistinction" classname="com.feedme.server.CommandIdentityTest" time="0.006"/>
  <testcase name="canonicalHashIgnoresObjectOrderingAndNumericFormattingButNotArrayOrdering" classname="com.feedme.server.CommandIdentityTest" time="0.026"/>
  <testcase name="rejectsUnsupportedIdentityDomainsUnknownOperationsAndMissingPath" classname="com.feedme.server.CommandIdentityTest" time="0.022"/>
  <testcase name="missingBodyJsonNullAndAbsentFieldsAreDistinct" classname="com.feedme.server.CommandIdentityTest" time="0.02"/>
  <testcase name="rejectsUnsafeHeaderAndBoundedPayloadAndRedactsDiagnostics" classname="com.feedme.server.CommandIdentityTest" time="0.016"/>
  <system-out><![CDATA[]]></system-out>
  <system-err><![CDATA[]]></system-err>
</testsuite>
