<?xml version="1.0" encoding="UTF-8"?>
<testsuite name="com.feedme.transport.RealHttpTransportTest" tests="7" skipped="0" failures="0" errors="0" timestamp="2026-09-13T07:41:16.041Z" hostname="ansachars-MacBook-Pro.local" time="0.22">
  <properties/>
  <testcase name="ambientProxySelectorCannotRouteTheOwnedClient[jvm]" classname="com.feedme.transport.RealHttpTransportTest" time="0.113"/>
  <testcase name="post503WithImmediateRetryDoesNotReplayTheMutation[jvm]" classname="com.feedme.transport.RealHttpTransportTest" time="0.023"/>
  <testcase name="disconnectAfterReceivingWriteIsUnknownAndCallerRetryKeepsOriginalKey[jvm]" classname="com.feedme.transport.RealHttpTransportTest" time="0.017"/>
  <testcase name="responseCookieIsNotStoredOrSentOnTheNextCall[jvm]" classname="com.feedme.transport.RealHttpTransportTest" time="0.016"/>
  <testcase name="bodylessGet503WithImmediateRetryCannotMakeASecondNetworkAttempt[jvm]" classname="com.feedme.transport.RealHttpTransportTest" time="0.014"/>
  <testcase name="redirectDoesNotReachTheLocationEndpoint[jvm]" classname="com.feedme.transport.RealHttpTransportTest" time="0.016"/>
  <testcase name="chunkedJsonBeyondTheAcceptedByteLimitIsRejected[jvm]" classname="com.feedme.transport.RealHttpTransportTest" time="0.02"/>
  <system-out><![CDATA[]]></system-out>
  <system-err><![CDATA[]]></system-err>
</testsuite>
