<?xml version="1.0" encoding="UTF-8"?>
<testsuite name="com.feedme.transport.FeedMeTransportTest" tests="11" skipped="0" failures="0" errors="0" timestamp="2026-09-13T06:28:08.506Z" hostname="ansachars-MacBook-Pro.local" time="0.317">
  <properties/>
  <testcase name="guestCredentialsOmitDeviceAndBootstrapDoesToo[jvm]" classname="com.feedme.transport.FeedMeTransportTest" time="0.173"/>
  <testcase name="cancellationPropagatesAndClosedTransportDoesNotSend[jvm]" classname="com.feedme.transport.FeedMeTransportTest" time="0.037"/>
  <testcase name="accountSwitchDuringSecureReadStopsDispatch[jvm]" classname="com.feedme.transport.FeedMeTransportTest" time="0.015"/>
  <testcase name="accountHeadersAndProblemBodySurviveWithoutExceptionMapping[jvm]" classname="com.feedme.transport.FeedMeTransportTest" time="0.011"/>
  <testcase name="trustedOriginsRejectUserInfoPathsPortsAndDowngrades[jvm]" classname="com.feedme.transport.FeedMeTransportTest" time="0.002"/>
  <testcase name="lostOrInvalidWriteReceiptIsUnknownAndSameKeyIsPreserved[jvm]" classname="com.feedme.transport.FeedMeTransportTest" time="0.013"/>
  <testcase name="accountSwitchAfterDispatchSuppressesResult[jvm]" classname="com.feedme.transport.FeedMeTransportTest" time="0.012"/>
  <testcase name="invalidExpiredMissingWrongScopeAndDemoSessionsNeverSend[jvm]" classname="com.feedme.transport.FeedMeTransportTest" time="0.011"/>
  <testcase name="closeCancelsInFlightOwnedClientWork[jvm]" classname="com.feedme.transport.FeedMeTransportTest" time="0.013"/>
  <testcase name="publicCallsNeverReadOrAttachStoredCredentials[jvm]" classname="com.feedme.transport.FeedMeTransportTest" time="0.011"/>
  <testcase name="offlineAndStorageFailureAreLocal[jvm]" classname="com.feedme.transport.FeedMeTransportTest" time="0.019"/>
  <system-out><![CDATA[]]></system-out>
  <system-err><![CDATA[SLF4J(W): No SLF4J providers were found.
SLF4J(W): Defaulting to no-operation (NOP) logger implementation
SLF4J(W): See https://www.slf4j.org/codes.html#noProviders for further details.
]]></system-err>
</testsuite>
