<?xml version="1.0" encoding="UTF-8"?>
<testsuite name="com.feedme.core.ClientPortsTest" tests="17" skipped="0" failures="0" errors="0" timestamp="2026-09-13T04:13:03.559Z" hostname="ansachars-MacBook-Pro.local" time="0.038">
  <properties/>
  <testcase name="cancellationOrAdapterExceptionIsNotConvertedToSuccess[jvm]" classname="com.feedme.core.ClientPortsTest" time="0.014"/>
  <testcase name="defaultDebugStringsDoNotExposePrivateMaterial[jvm]" classname="com.feedme.core.ClientPortsTest" time="0.012"/>
  <testcase name="reloginToSameAccountDoesNotAcceptOldTicket[jvm]" classname="com.feedme.core.ClientPortsTest" time="0.0"/>
  <testcase name="noCurrentSessionExistsByDefault[jvm]" classname="com.feedme.core.ClientPortsTest" time="0.0"/>
  <testcase name="scopeSeparatesActorKindAndEnvironment[jvm]" classname="com.feedme.core.ClientPortsTest" time="0.0"/>
  <testcase name="uncertainMutationReceiptIsDistinctFromUnsentFailure[jvm]" classname="com.feedme.core.ClientPortsTest" time="0.001"/>
  <testcase name="ticketFromAnotherBoundaryIsNeverAccepted[jvm]" classname="com.feedme.core.ClientPortsTest" time="0.0"/>
  <testcase name="currentTransportPreservesStatusEtagAndOpaqueBody[jvm]" classname="com.feedme.core.ClientPortsTest" time="0.003"/>
  <testcase name="httpErrorAndMetadataSurviveWithoutLeakingIntoDebugString[jvm]" classname="com.feedme.core.ClientPortsTest" time="0.001"/>
  <testcase name="transportDetachesParametersAndDoesNotLogThem[jvm]" classname="com.feedme.core.ClientPortsTest" time="0.001"/>
  <testcase name="delayedReplyIsDiscardedAfterAccountSwitch[jvm]" classname="com.feedme.core.ClientPortsTest" time="0.001"/>
  <testcase name="transportPreservesFailuresAndBodylessSuccess[jvm]" classname="com.feedme.core.ClientPortsTest" time="0.0"/>
  <testcase name="invalidOwnershipAndCredentialInputsAreRejected[jvm]" classname="com.feedme.core.ClientPortsTest" time="0.0"/>
  <testcase name="clearingSessionImmediatelyRejectsOutstandingLeaseWithoutDispatch[jvm]" classname="com.feedme.core.ClientPortsTest" time="0.001"/>
  <testcase name="guestAndPreBootstrapCredentialsNeedNoFabricatedDeviceSession[jvm]" classname="com.feedme.core.ClientPortsTest" time="0.002"/>
  <testcase name="storeMutationValidationDoesNotPermitUnconditionalOverwrite[jvm]" classname="com.feedme.core.ClientPortsTest" time="0.001"/>
  <testcase name="serializedPrivateBuffersAreDetachedAtBothBoundaries[jvm]" classname="com.feedme.core.ClientPortsTest" time="0.0"/>
  <system-out><![CDATA[]]></system-out>
  <system-err><![CDATA[]]></system-err>
</testsuite>
