<?xml version="1.0" encoding="UTF-8"?>
<testsuite name="com.feedme.storage.EncryptedStateDatabaseTest" tests="36" skipped="0" failures="0" errors="0" timestamp="2026-09-13T07:41:14.862Z" hostname="ansachars-MacBook-Pro.local" time="3.647">
  <properties/>
  <testcase name="handleCannotReadWriteOrEraseAnotherScope[jvm]" classname="com.feedme.storage.EncryptedStateDatabaseTest" time="0.499"/>
  <testcase name="eraseFailureBeforeCommitCanRetrySameHandleWhileItStaysFenced[jvm]" classname="com.feedme.storage.EncryptedStateDatabaseTest" time="0.088"/>
  <testcase name="duplicateKeysRejectTheEntireBatch[jvm]" classname="com.feedme.storage.EncryptedStateDatabaseTest" time="0.038"/>
  <testcase name="closeReleasesConnectionAndRejectsRetainedHandles[jvm]" classname="com.feedme.storage.EncryptedStateDatabaseTest" time="0.026"/>
  <testcase name="configuredConnectionUsesRollbackJournalAndRequiredPragmas[jvm]" classname="com.feedme.storage.EncryptedStateDatabaseTest" time="0.013"/>
  <testcase name="ciphertextPersistsAcrossCloseAndReopenWithoutPrivateIdentifiers[jvm]" classname="com.feedme.storage.EncryptedStateDatabaseTest" time="0.043"/>
  <testcase name="concurrentCompareAndSwapHasExactlyOneWinner[jvm]" classname="com.feedme.storage.EncryptedStateDatabaseTest" time="0.057"/>
  <testcase name="ciphertextCannotBeMovedBetweenRecordKeys[jvm]" classname="com.feedme.storage.EncryptedStateDatabaseTest" time="0.043"/>
  <testcase name="activateRetriesPendingKeyCleanupBeforeMakingNewOwnerKey[jvm]" classname="com.feedme.storage.EncryptedStateDatabaseTest" time="0.066"/>
  <testcase name="unknownSchemaVersionApplicationIdOrShapeFailsClosed[jvm]" classname="com.feedme.storage.EncryptedStateDatabaseTest" time="0.207"/>
  <testcase name="cancellationDuringSynchronousCommitCanHideSuccessWithoutReplaying[jvm]" classname="com.feedme.storage.EncryptedStateDatabaseTest" time="0.062"/>
  <testcase name="ciphertextModificationOrMetadataSubstitutionCannotAuthenticate[jvm]" classname="com.feedme.storage.EncryptedStateDatabaseTest" time="0.122"/>
  <testcase name="failedKeyDeletionRetiresOwnerAndResumeRetriesCleanup[jvm]" classname="com.feedme.storage.EncryptedStateDatabaseTest" time="0.084"/>
  <testcase name="failedPendingCleanupDuringOpenClosesTransferredConnection[jvm]" classname="com.feedme.storage.EncryptedStateDatabaseTest" time="0.057"/>
  <testcase name="commitFailureBeforeExecutionRollsBackAndRemainsUsable[jvm]" classname="com.feedme.storage.EncryptedStateDatabaseTest" time="0.053"/>
  <testcase name="oversizedOrNulSuffixedCleanupKeyFailsClosedWithoutDeletingKeys[jvm]" classname="com.feedme.storage.EncryptedStateDatabaseTest" time="0.06"/>
  <testcase name="revisionConflictRollsBackEveryMutationInTheBatch[jvm]" classname="com.feedme.storage.EncryptedStateDatabaseTest" time="0.056"/>
  <testcase name="realSqliteFullResponseRollsBackWithoutLosingPriorData[jvm]" classname="com.feedme.storage.EncryptedStateDatabaseTest" time="0.076"/>
  <testcase name="corruptedPriorCiphertextCannotBeOverwrittenOrDeletedByCas[jvm]" classname="com.feedme.storage.EncryptedStateDatabaseTest" time="0.077"/>
  <testcase name="oversizedOrNulSuffixedOwnerKeyFailsClosedWithoutDeletingKeys[jvm]" classname="com.feedme.storage.EncryptedStateDatabaseTest" time="0.142"/>
  <testcase name="malformedCleanupQueueNeverDeletesAKeyOfAnActiveOwner[jvm]" classname="com.feedme.storage.EncryptedStateDatabaseTest" time="0.043"/>
  <testcase name="boundedBatchesAndKeysRejectBeforeAnyWrite[jvm]" classname="com.feedme.storage.EncryptedStateDatabaseTest" time="0.06"/>
  <testcase name="nonIntegerPersistedMetadataIsRejectedWithoutSilentCoercion[jvm]" classname="com.feedme.storage.EncryptedStateDatabaseTest" time="0.216"/>
  <testcase name="environmentActorKindAndActorIdAreIndependentOwners[jvm]" classname="com.feedme.storage.EncryptedStateDatabaseTest" time="0.171"/>
  <testcase name="lostOwnerKeyFailsClosedWithoutReplacingIt[jvm]" classname="com.feedme.storage.EncryptedStateDatabaseTest" time="0.044"/>
  <testcase name="eraseRetiresAllOldHandlesAndSurvivesReactivationAndReopen[jvm]" classname="com.feedme.storage.EncryptedStateDatabaseTest" time="0.115"/>
  <testcase name="malformedReferencingOwnerNeverLosesItsKeyDuringCleanup[jvm]" classname="com.feedme.storage.EncryptedStateDatabaseTest" time="0.531"/>
  <testcase name="recordAndTotalPayloadByteLimitsAreEnforced[jvm]" classname="com.feedme.storage.EncryptedStateDatabaseTest" time="0.147"/>
  <testcase name="inputListIsSnapshottedBeforeDispatchAndReturnedBytesAreDetached[jvm]" classname="com.feedme.storage.EncryptedStateDatabaseTest" time="0.042"/>
  <testcase name="commitFailureAfterExecutionIsUnknownAndNeverReplayed[jvm]" classname="com.feedme.storage.EncryptedStateDatabaseTest" time="0.054"/>
  <testcase name="createUpdateDeleteAndRecreateKeepMonotonicRevision[jvm]" classname="com.feedme.storage.EncryptedStateDatabaseTest" time="0.076"/>
  <testcase name="existingWalDatabaseIsRejectedWithoutDestructiveConversion[jvm]" classname="com.feedme.storage.EncryptedStateDatabaseTest" time="0.022"/>
  <testcase name="emptyPrivatePayloadIsAValidEncryptedRecord[jvm]" classname="com.feedme.storage.EncryptedStateDatabaseTest" time="0.047"/>
  <testcase name="failedEncryptionRollsBackEarlierBatchWrites[jvm]" classname="com.feedme.storage.EncryptedStateDatabaseTest" time="0.058"/>
  <testcase name="eraseCommitResponseLossKeepsRetirementAndResumesKeyCleanup[jvm]" classname="com.feedme.storage.EncryptedStateDatabaseTest" time="0.097"/>
  <testcase name="reopenRetriesPersistedPendingKeyCleanup[jvm]" classname="com.feedme.storage.EncryptedStateDatabaseTest" time="0.051"/>
  <system-out><![CDATA[]]></system-out>
  <system-err><![CDATA[]]></system-err>
</testsuite>
