<?xml version="1.0" encoding="UTF-8"?>
<testsuite name="com.feedme.server.ContractCatalogTest" tests="4" skipped="0" failures="0" errors="0" timestamp="2026-09-13T05:31:29.146Z" hostname="ansachars-MacBook-Pro.local" time="0.021">
  <properties/>
  <testcase name="healthAndProblemsArePinnedToCanonicalShapes" classname="com.feedme.server.ContractCatalogTest" time="0.005"/>
  <testcase name="privateConfigurationAndStaffHealthNeverBecomePublic" classname="com.feedme.server.ContractCatalogTest" time="0.007"/>
  <testcase name="canonicalRoutesHaveCompleteStableCoverage" classname="com.feedme.server.ContractCatalogTest" time="0.006"/>
  <testcase name="changedBytesCannotSilentlyChangeRoutes" classname="com.feedme.server.ContractCatalogTest" time="0.003"/>
  <system-out><![CDATA[]]></system-out>
  <system-err><![CDATA[]]></system-err>
</testsuite>
