<?xml version="1.0" encoding="UTF-8"?>
<testsuite name="com.feedme.server.db.DurableEventsIntegrationTest" tests="15" skipped="0" failures="0" errors="0" timestamp="2026-09-13T06:56:48.320Z" hostname="ansachars-MacBook-Pro.local" time="3.069">
  <properties/>
  <testcase name="retryWaitsThenFifthFailureQuarantines" classname="com.feedme.server.db.DurableEventsIntegrationTest" time="0.254"/>
  <testcase name="concurrentConsumerDuplicatesAndFollowupEventsAreAtomic" classname="com.feedme.server.db.DurableEventsIntegrationTest" time="0.161"/>
  <testcase name="unknownTypeQuarantinesBeforePublishingAndKnownFailureRemainsPending" classname="com.feedme.server.db.DurableEventsIntegrationTest" time="0.246"/>
  <testcase name="fiveCrashedLeasesQuarantineWithoutUnboundedRetries" classname="com.feedme.server.db.DurableEventsIntegrationTest" time="0.267"/>
  <testcase name="consumerCanPreventOutOfOrderRegressionAndResurrectionUsingCurrentRows" classname="com.feedme.server.db.DurableEventsIntegrationTest" time="0.187"/>
  <testcase name="twoWorkersReceiveDisjointBoundedClaims" classname="com.feedme.server.db.DurableEventsIntegrationTest" time="0.213"/>
  <testcase name="lockedRowDoesNotBlockAnotherWorkersBatch" classname="com.feedme.server.db.DurableEventsIntegrationTest" time="0.186"/>
  <testcase name="committedEnvelopeHasEveryCanonicalFieldAndRollbackEmitsNothing" classname="com.feedme.server.db.DurableEventsIntegrationTest" time="0.204"/>
  <testcase name="crashAfterSendAllowsRedeliveryButInboxEffectOccursOnce" classname="com.feedme.server.db.DurableEventsIntegrationTest" time="0.193"/>
  <testcase name="malformedImportedRowIsQuarantinedWithoutPoisoningHealthyClaims" classname="com.feedme.server.db.DurableEventsIntegrationTest" time="0.176"/>
  <testcase name="commandDomainEffectReceiptAndOutboxShareOneCommit" classname="com.feedme.server.db.DurableEventsIntegrationTest" time="0.203"/>
  <testcase name="sqlConstraintsRejectDuplicateEventAndBrokenEnvelopeAndLeaseState" classname="com.feedme.server.db.DurableEventsIntegrationTest" time="0.2"/>
  <testcase name="slowPublishDoesNotReserveOrSendStaleClaimsForRemainingEvents" classname="com.feedme.server.db.DurableEventsIntegrationTest" time="0.205"/>
  <testcase name="consumerFailureRollsBackInboxEffectAndFollowupEvent" classname="com.feedme.server.db.DurableEventsIntegrationTest" time="0.179"/>
  <testcase name="expiredLeaseRecoversAndStaleWorkerCannotAcknowledgeOrFailNewOwner" classname="com.feedme.server.db.DurableEventsIntegrationTest" time="0.195"/>
  <system-out><![CDATA[]]></system-out>
  <system-err><![CDATA[]]></system-err>
</testsuite>
