<?xml version="1.0" encoding="UTF-8"?>
<testsuite name="com.feedme.server.db.DurableCommandsIntegrationTest" tests="19" skipped="0" failures="0" errors="0" timestamp="2026-09-13T06:56:43.460Z" hostname="ansachars-MacBook-Pro.local" time="3.78">
  <properties/>
  <testcase name="changedPathRejectsKeyReuseWithoutSecondMutation" classname="com.feedme.server.db.DurableCommandsIntegrationTest" time="0.164"/>
  <testcase name="jsonNullSuccessIsDistinctFromNoContentOnReplay" classname="com.feedme.server.db.DurableCommandsIntegrationTest" time="0.153"/>
  <testcase name="serializationFailuresRetryTheOriginalIdentityWithOnlyOneCommittedMutation" classname="com.feedme.server.db.DurableCommandsIntegrationTest" time="0.236"/>
  <testcase name="exceptionAfterFixtureWriteRollsBackMutationAndReceiptBeforeRetry" classname="com.feedme.server.db.DurableCommandsIntegrationTest" time="0.185"/>
  <testcase name="successfulDeleteReplays204AfterTargetHasDisappeared" classname="com.feedme.server.db.DurableCommandsIntegrationTest" time="0.179"/>
  <testcase name="deniedNewAuthorizationIsNotCachedAndDoesNotWriteMutation" classname="com.feedme.server.db.DurableCommandsIntegrationTest" time="0.186"/>
  <testcase name="principalIdActorAndEnvironmentEachIsolateTheSameCommandKey" classname="com.feedme.server.db.DurableCommandsIntegrationTest" time="0.29"/>
  <testcase name="canonicalOperationsIsolateTheSamePrincipalAndKey" classname="com.feedme.server.db.DurableCommandsIntegrationTest" time="0.201"/>
  <testcase name="changedBodyRejectsKeyReuseWithoutSecondMutation" classname="com.feedme.server.db.DurableCommandsIntegrationTest" time="0.181"/>
  <testcase name="preexistingPendingReceiptFailsClosedWithoutExecutingMutation" classname="com.feedme.server.db.DurableCommandsIntegrationTest" time="0.175"/>
  <testcase name="exhaustedSerializationRetriesLeaveNoMutationOrReceipt" classname="com.feedme.server.db.DurableCommandsIntegrationTest" time="0.256"/>
  <testcase name="twentyConcurrentIdenticalCommandsCommitOneMutationAndReplayOneReply" classname="com.feedme.server.db.DurableCommandsIntegrationTest" time="0.199"/>
  <testcase name="statusNestedJsonAndEtagSurviveDatabaseReloadInANewExecutor" classname="com.feedme.server.db.DurableCommandsIntegrationTest" time="0.178"/>
  <testcase name="canonicalJsonAndQueryOrderReplayButChangedQueryDoesNot" classname="com.feedme.server.db.DurableCommandsIntegrationTest" time="0.187"/>
  <testcase name="accountGuestAndStaffScopesRespectCanonicalPrincipalRules" classname="com.feedme.server.db.DurableCommandsIntegrationTest" time="0.197"/>
  <testcase name="replayRevalidatesPrincipalAndUsesDedicatedPermissionWithoutNewAuthorization" classname="com.feedme.server.db.DurableCommandsIntegrationTest" time="0.188"/>
  <testcase name="changedOrOmittedIfMatchRejectsKeyReuseWithoutSecondMutation" classname="com.feedme.server.db.DurableCommandsIntegrationTest" time="0.195"/>
  <testcase name="revokedIdentityCannotReadItsPreviouslyCompletedReply" classname="com.feedme.server.db.DurableCommandsIntegrationTest" time="0.221"/>
  <testcase name="expiredReceiptCompactsToTombstoneAndNeverExecutesAgain" classname="com.feedme.server.db.DurableCommandsIntegrationTest" time="0.208"/>
  <system-out><![CDATA[]]></system-out>
  <system-err><![CDATA[]]></system-err>
</testsuite>
