<?xml version="1.0" encoding="UTF-8"?>
<testsuite name="com.feedme.server.db.CommitAndRetentionIntegrationTest" tests="6" skipped="0" failures="0" errors="0" timestamp="2026-09-13T06:56:41.204Z" hostname="ansachars-MacBook-Pro.local" time="1.379">
  <properties/>
  <testcase name="expirySweepIsBoundedAndKeepsLiveResponsesAndCommandTombstones" classname="com.feedme.server.db.CommitAndRetentionIntegrationTest" time="0.362"/>
  <testcase name="acceptedCommitThenLostResponseIsNotAutomaticallyExecutedAgain" classname="com.feedme.server.db.CommitAndRetentionIntegrationTest" time="0.217"/>
  <testcase name="expiryIsRecheckedAfterReplayAuthorizationWait" classname="com.feedme.server.db.CommitAndRetentionIntegrationTest" time="0.187"/>
  <testcase name="closeFailureCannotTurnKnownCommitIntoNewMutation" classname="com.feedme.server.db.CommitAndRetentionIntegrationTest" time="0.196"/>
  <testcase name="racingDifferentPayloadsHaveOneWinnerAndOneMismatch" classname="com.feedme.server.db.CommitAndRetentionIntegrationTest" time="0.175"/>
  <testcase name="concurrentSweepSkipsLockedReceiptAndReplaysCannotResurrectIt" classname="com.feedme.server.db.CommitAndRetentionIntegrationTest" time="0.242"/>
  <system-out><![CDATA[]]></system-out>
  <system-err><![CDATA[]]></system-err>
</testsuite>
