<?xml version="1.0" encoding="UTF-8"?>
<testsuite name="com.feedme.contracts.CanonicalResponseBinderTest" tests="5" skipped="0" failures="0" errors="0" timestamp="2026-09-13T07:41:14.173Z" hostname="ansachars-MacBook-Pro.local" time="0.38">
  <properties/>
  <testcase name="errorsBindToActualHttpStatusWithoutNumericSpellingLoss[jvm]" classname="com.feedme.contracts.CanonicalResponseBinderTest" time="0.242"/>
  <testcase name="aSchemaValidProblemWithWrongStatusDoesNotBecomeAReceipt[jvm]" classname="com.feedme.contracts.CanonicalResponseBinderTest" time="0.038"/>
  <testcase name="providedHttpTraceMustMatchProblemButAbsentHeaderIsNotInvented[jvm]" classname="com.feedme.contracts.CanonicalResponseBinderTest" time="0.034"/>
  <testcase name="acceptedDocumentsAreDetachedAndBodylessIsNotNullJson[jvm]" classname="com.feedme.contracts.CanonicalResponseBinderTest" time="0.036"/>
  <testcase name="allRequiredFieldsEnumsAndUnknownPropertiesMustValidateBeforeBinding[jvm]" classname="com.feedme.contracts.CanonicalResponseBinderTest" time="0.029"/>
  <system-out><![CDATA[]]></system-out>
  <system-err><![CDATA[]]></system-err>
</testsuite>
