<?xml version="1.0" encoding="UTF-8"?>
<testsuite name="com.feedme.contracts.ContractCatalogTest" tests="14" skipped="0" failures="0" errors="0" timestamp="2026-09-13T07:41:14.652Z" hostname="ansachars-MacBook-Pro.local" time="0.254">
  <properties/>
  <testcase name="bootstrapRequiresAccountBearerAndIdempotencyWithoutAnExistingAppSession[jvm]" classname="com.feedme.contracts.ContractCatalogTest" time="0.019"/>
  <testcase name="dualPrincipalHeadersDependOnTheCallerAndRetainWritePreconditions[jvm]" classname="com.feedme.contracts.ContractCatalogTest" time="0.021"/>
  <testcase name="schemaAndResponseProjectionsRetainAllBundledJsonFields[jvm]" classname="com.feedme.contracts.ContractCatalogTest" time="0.049"/>
  <testcase name="originalReferencesResolveWithoutChangingStringFormatsIntoRuntimeTypes[jvm]" classname="com.feedme.contracts.ContractCatalogTest" time="0.014"/>
  <testcase name="callerMatrixKeepsEveryPrincipalClassDistinct[jvm]" classname="com.feedme.contracts.ContractCatalogTest" time="0.011"/>
  <testcase name="nullableAndAnyOfRemainExactSchemaMetadata[jvm]" classname="com.feedme.contracts.ContractCatalogTest" time="0.008"/>
  <testcase name="securityDescriptionsRetainVerificationRequirementsAsMetadata[jvm]" classname="com.feedme.contracts.ContractCatalogTest" time="0.007"/>
  <testcase name="idempotencyAndIfMatchMetadataArePreservedForEveryOperation[jvm]" classname="com.feedme.contracts.ContractCatalogTest" time="0.035"/>
  <testcase name="everyScreenBindingIsRetainedAndHttpBindingsResolve[jvm]" classname="com.feedme.contracts.ContractCatalogTest" time="0.016"/>
  <testcase name="etagAndRetryAfterRemainResponseHeaderMetadata[jvm]" classname="com.feedme.contracts.ContractCatalogTest" time="0.008"/>
  <testcase name="conditionalAndUniqueItemRulesRemainExactSchemaMetadata[jvm]" classname="com.feedme.contracts.ContractCatalogTest" time="0.015"/>
  <testcase name="staffAndWebhookOperationsAreAbsentFromMobileSurface[jvm]" classname="com.feedme.contracts.ContractCatalogTest" time="0.023"/>
  <testcase name="allDeclaredStatusCodesAndNoContentResponsesSurviveProjection[jvm]" classname="com.feedme.contracts.ContractCatalogTest" time="0.018"/>
  <testcase name="exactCanonicalCoverageIsPinned[jvm]" classname="com.feedme.contracts.ContractCatalogTest" time="0.01"/>
  <system-out><![CDATA[]]></system-out>
  <system-err><![CDATA[]]></system-err>
</testsuite>
