<?xml version="1.0" encoding="UTF-8"?>
<testsuite name="com.feedme.server.db.CommitAndRetentionIntegrationTest" tests="6" skipped="0" failures="0" errors="0" timestamp="2026-09-13T05:58:08.176Z" hostname="ansachars-MacBook-Pro.local" time="1.45">
  <properties/>
  <testcase name="expirySweepIsBoundedAndKeepsLiveResponsesAndCommandTombstones" classname="com.feedme.server.db.CommitAndRetentionIntegrationTest" time="0.392"/>
  <testcase name="acceptedCommitThenLostResponseIsNotAutomaticallyExecutedAgain" classname="com.feedme.server.db.CommitAndRetentionIntegrationTest" time="0.241"/>
  <testcase name="expiryIsRecheckedAfterReplayAuthorizationWait" classname="com.feedme.server.db.CommitAndRetentionIntegrationTest" time="0.189"/>
  <testcase name="closeFailureCannotTurnKnownCommitIntoNewMutation" classname="com.feedme.server.db.CommitAndRetentionIntegrationTest" time="0.192"/>
  <testcase name="racingDifferentPayloadsHaveOneWinnerAndOneMismatch" classname="com.feedme.server.db.CommitAndRetentionIntegrationTest" time="0.19"/>
  <testcase name="concurrentSweepSkipsLockedReceiptAndReplaysCannotResurrectIt" classname="com.feedme.server.db.CommitAndRetentionIntegrationTest" time="0.246"/>
  <system-out><![CDATA[]]></system-out>
  <system-err><![CDATA[]]></system-err>
</testsuite>
