<?xml version="1.0" encoding="UTF-8"?>
<testsuite name="com.feedme.server.LocalServerConfigTest" tests="5" skipped="0" failures="0" errors="0" timestamp="2026-09-13T05:56:43.151Z" hostname="ansachars-MacBook-Pro.local" time="0.002">
  <properties/>
  <testcase name="acceptsExplicitLocalValuesAndUnrelatedEnvironment" classname="com.feedme.server.LocalServerConfigTest" time="0.001"/>
  <testcase name="rejectsInvalidVersionsAndUnknownServerOptionsWithoutLeakingValues" classname="com.feedme.server.LocalServerConfigTest" time="0.0"/>
  <testcase name="defaultsAreLoopbackAndDevelopmentOnly" classname="com.feedme.server.LocalServerConfigTest" time="0.0"/>
  <testcase name="rejectsInvalidPortsRatherThanFallingBack" classname="com.feedme.server.LocalServerConfigTest" time="0.001"/>
  <testcase name="cannotEnableDeploymentOrExternalInterfaces" classname="com.feedme.server.LocalServerConfigTest" time="0.0"/>
  <system-out><![CDATA[]]></system-out>
  <system-err><![CDATA[]]></system-err>
</testsuite>
