<?xml version="1.0" encoding="UTF-8"?>
<testsuite name="com.feedme.server.db.DurableCommandsIntegrationTest" tests="19" skipped="0" failures="0" errors="0" timestamp="2026-09-13T05:58:10.681Z" hostname="ansachars-MacBook-Pro.local" time="3.853">
  <properties/>
  <testcase name="changedPathRejectsKeyReuseWithoutSecondMutation" classname="com.feedme.server.db.DurableCommandsIntegrationTest" time="0.157"/>
  <testcase name="jsonNullSuccessIsDistinctFromNoContentOnReplay" classname="com.feedme.server.db.DurableCommandsIntegrationTest" time="0.167"/>
  <testcase name="serializationFailuresRetryTheOriginalIdentityWithOnlyOneCommittedMutation" classname="com.feedme.server.db.DurableCommandsIntegrationTest" time="0.23"/>
  <testcase name="exceptionAfterFixtureWriteRollsBackMutationAndReceiptBeforeRetry" classname="com.feedme.server.db.DurableCommandsIntegrationTest" time="0.19"/>
  <testcase name="successfulDeleteReplays204AfterTargetHasDisappeared" classname="com.feedme.server.db.DurableCommandsIntegrationTest" time="0.196"/>
  <testcase name="deniedNewAuthorizationIsNotCachedAndDoesNotWriteMutation" classname="com.feedme.server.db.DurableCommandsIntegrationTest" time="0.217"/>
  <testcase name="principalIdActorAndEnvironmentEachIsolateTheSameCommandKey" classname="com.feedme.server.db.DurableCommandsIntegrationTest" time="0.286"/>
  <testcase name="canonicalOperationsIsolateTheSamePrincipalAndKey" classname="com.feedme.server.db.DurableCommandsIntegrationTest" time="0.215"/>
  <testcase name="changedBodyRejectsKeyReuseWithoutSecondMutation" classname="com.feedme.server.db.DurableCommandsIntegrationTest" time="0.233"/>
  <testcase name="preexistingPendingReceiptFailsClosedWithoutExecutingMutation" classname="com.feedme.server.db.DurableCommandsIntegrationTest" time="0.172"/>
  <testcase name="exhaustedSerializationRetriesLeaveNoMutationOrReceipt" classname="com.feedme.server.db.DurableCommandsIntegrationTest" time="0.247"/>
  <testcase name="twentyConcurrentIdenticalCommandsCommitOneMutationAndReplayOneReply" classname="com.feedme.server.db.DurableCommandsIntegrationTest" time="0.247"/>
  <testcase name="statusNestedJsonAndEtagSurviveDatabaseReloadInANewExecutor" classname="com.feedme.server.db.DurableCommandsIntegrationTest" time="0.172"/>
  <testcase name="canonicalJsonAndQueryOrderReplayButChangedQueryDoesNot" classname="com.feedme.server.db.DurableCommandsIntegrationTest" time="0.17"/>
  <testcase name="accountGuestAndStaffScopesRespectCanonicalPrincipalRules" classname="com.feedme.server.db.DurableCommandsIntegrationTest" time="0.194"/>
  <testcase name="replayRevalidatesPrincipalAndUsesDedicatedPermissionWithoutNewAuthorization" classname="com.feedme.server.db.DurableCommandsIntegrationTest" time="0.206"/>
  <testcase name="changedOrOmittedIfMatchRejectsKeyReuseWithoutSecondMutation" classname="com.feedme.server.db.DurableCommandsIntegrationTest" time="0.174"/>
  <testcase name="revokedIdentityCannotReadItsPreviouslyCompletedReply" classname="com.feedme.server.db.DurableCommandsIntegrationTest" time="0.169"/>
  <testcase name="expiredReceiptCompactsToTombstoneAndNeverExecutesAgain" classname="com.feedme.server.db.DurableCommandsIntegrationTest" time="0.208"/>
  <system-out><![CDATA[]]></system-out>
  <system-err><![CDATA[]]></system-err>
</testsuite>
