<?xml version="1.0" encoding="UTF-8"?>
<testsuite name="com.feedme.server.CommandIdentityTest" tests="6" skipped="0" failures="0" errors="0" timestamp="2026-09-13T05:56:42.944Z" hostname="ansachars-MacBook-Pro.local" time="0.178">
  <properties/>
  <testcase name="targetQueryAndExpectedVersionAreBoundToFingerprint" classname="com.feedme.server.CommandIdentityTest" time="0.093"/>
  <testcase name="responsePreservesNoContentAndJsonNullDistinction" classname="com.feedme.server.CommandIdentityTest" time="0.005"/>
  <testcase name="canonicalHashIgnoresObjectOrderingAndNumericFormattingButNotArrayOrdering" classname="com.feedme.server.CommandIdentityTest" time="0.024"/>
  <testcase name="rejectsUnsupportedIdentityDomainsUnknownOperationsAndMissingPath" classname="com.feedme.server.CommandIdentityTest" time="0.022"/>
  <testcase name="missingBodyJsonNullAndAbsentFieldsAreDistinct" classname="com.feedme.server.CommandIdentityTest" time="0.019"/>
  <testcase name="rejectsUnsafeHeaderAndBoundedPayloadAndRedactsDiagnostics" classname="com.feedme.server.CommandIdentityTest" time="0.014"/>
  <system-out><![CDATA[]]></system-out>
  <system-err><![CDATA[]]></system-err>
</testsuite>
