<?xml version="1.0" encoding="UTF-8"?>
<testsuite name="com.feedme.server.db.DurableEventsIntegrationTest" tests="15" skipped="0" failures="0" errors="0" timestamp="2026-09-13T07:41:26.198Z" hostname="ansachars-MacBook-Pro.local" time="3.183">
  <properties/>
  <testcase name="retryWaitsThenFifthFailureQuarantines" classname="com.feedme.server.db.DurableEventsIntegrationTest" time="0.256"/>
  <testcase name="concurrentConsumerDuplicatesAndFollowupEventsAreAtomic" classname="com.feedme.server.db.DurableEventsIntegrationTest" time="0.191"/>
  <testcase name="unknownTypeQuarantinesBeforePublishingAndKnownFailureRemainsPending" classname="com.feedme.server.db.DurableEventsIntegrationTest" time="0.274"/>
  <testcase name="fiveCrashedLeasesQuarantineWithoutUnboundedRetries" classname="com.feedme.server.db.DurableEventsIntegrationTest" time="0.243"/>
  <testcase name="consumerCanPreventOutOfOrderRegressionAndResurrectionUsingCurrentRows" classname="com.feedme.server.db.DurableEventsIntegrationTest" time="0.211"/>
  <testcase name="twoWorkersReceiveDisjointBoundedClaims" classname="com.feedme.server.db.DurableEventsIntegrationTest" time="0.24"/>
  <testcase name="lockedRowDoesNotBlockAnotherWorkersBatch" classname="com.feedme.server.db.DurableEventsIntegrationTest" time="0.181"/>
  <testcase name="committedEnvelopeHasEveryCanonicalFieldAndRollbackEmitsNothing" classname="com.feedme.server.db.DurableEventsIntegrationTest" time="0.182"/>
  <testcase name="crashAfterSendAllowsRedeliveryButInboxEffectOccursOnce" classname="com.feedme.server.db.DurableEventsIntegrationTest" time="0.232"/>
  <testcase name="malformedImportedRowIsQuarantinedWithoutPoisoningHealthyClaims" classname="com.feedme.server.db.DurableEventsIntegrationTest" time="0.165"/>
  <testcase name="commandDomainEffectReceiptAndOutboxShareOneCommit" classname="com.feedme.server.db.DurableEventsIntegrationTest" time="0.196"/>
  <testcase name="sqlConstraintsRejectDuplicateEventAndBrokenEnvelopeAndLeaseState" classname="com.feedme.server.db.DurableEventsIntegrationTest" time="0.178"/>
  <testcase name="slowPublishDoesNotReserveOrSendStaleClaimsForRemainingEvents" classname="com.feedme.server.db.DurableEventsIntegrationTest" time="0.225"/>
  <testcase name="consumerFailureRollsBackInboxEffectAndFollowupEvent" classname="com.feedme.server.db.DurableEventsIntegrationTest" time="0.2"/>
  <testcase name="expiredLeaseRecoversAndStaleWorkerCannotAcknowledgeOrFailNewOwner" classname="com.feedme.server.db.DurableEventsIntegrationTest" time="0.209"/>
  <system-out><![CDATA[]]></system-out>
  <system-err><![CDATA[]]></system-err>
</testsuite>
