<?xml version="1.0" encoding="UTF-8"?>
<testsuite name="com.feedme.server.LocalServiceTest" tests="8" skipped="0" failures="0" errors="0" timestamp="2026-09-13T06:28:08.759Z" hostname="ansachars-MacBook-Pro.local" time="0.952">
  <properties/>
  <testcase name="unknownPathsAndMethodsDoNotExposeRequestDetails" classname="com.feedme.server.LocalServiceTest" time="0.611"/>
  <testcase name="configurationAndStaffHealthDenyEvenWithNoCredentials" classname="com.feedme.server.LocalServiceTest" time="0.035"/>
  <testcase name="everyUnimplementedCanonicalRouteReturns503WithoutSuccessfulMutation" classname="com.feedme.server.LocalServiceTest" time="0.164"/>
  <testcase name="tracesAreServerGeneratedUniqueAndNotReflected" classname="com.feedme.server.LocalServiceTest" time="0.028"/>
  <testcase name="invalidGeneratedHealthFallsBackToRedactedProblem" classname="com.feedme.server.LocalServiceTest" time="0.028"/>
  <testcase name="healthIsPublicAndHonestlyDegraded" classname="com.feedme.server.LocalServiceTest" time="0.053"/>
  <testcase name="malformedHandlerInputsUseCanonicalProblem" classname="com.feedme.server.LocalServiceTest" time="0.024"/>
  <testcase name="unexpectedHandlerErrorsAreRedacted" classname="com.feedme.server.LocalServiceTest" time="0.008"/>
  <system-out><![CDATA[]]></system-out>
  <system-err><![CDATA[SLF4J(W): No SLF4J providers were found.
SLF4J(W): Defaulting to no-operation (NOP) logger implementation
SLF4J(W): See https://www.slf4j.org/codes.html#noProviders for further details.
]]></system-err>
</testsuite>
