<?xml version="1.0" encoding="UTF-8"?>
<testsuite name="com.feedme.server.contract.SharedContractParityTest" tests="1" skipped="0" failures="0" errors="0" timestamp="2026-09-13T06:28:10.152Z" hostname="ansachars-MacBook-Pro.local" time="0.022">
  <properties/>
  <testcase name="generatedSharedMetadataMatchesEveryBundledServerRoute" classname="com.feedme.server.contract.SharedContractParityTest" time="0.022"/>
  <system-out><![CDATA[]]></system-out>
  <system-err><![CDATA[]]></system-err>
</testsuite>
